Symbols:
{
    "a": [
        "bool",
        true
    ],
    "r": [
        "int",
        null
    ]
}
Objects:
{}
Functions:
{
    "('ejem', ('int', 'bool'))": [
        "int",
        [
            [
                "int",
                "a"
            ],
            [
                "bool",
                "b"
            ]
        ]
    ],
    "('ejem', ('int', 'int', 'bool'))": [
        "int",
        [
            [
                "int",
                "a"
            ],
            [
                "int",
                "b"
            ],
            [
                "bool",
                "c"
            ]
        ]
    ]
}